Apr 24, 2020 9:25:00 PM kvstore.servers.Master start
INFO: Master started, listening on 12345
Apr 24, 2020 9:25:02 PM kvstore.servers.Master updateStatus
INFO: Master: Worker[0] status code is 0
Apr 24, 2020 9:25:03 PM kvstore.servers.Master updateStatus
INFO: Master: Worker[1] status code is 0
Apr 24, 2020 9:25:03 PM kvstore.servers.Master updateStatus
INFO: Master: Worker[2] status code is 0
Apr 24, 2020 9:25:08 PM kvstore.servers.Master$MasterService writeMsg
INFO: test64=K
Apr 24, 2020 9:25:08 PM kvstore.servers.Master$MasterService writeMsg
INFO: test7=u
Apr 24, 2020 9:25:08 PM kvstore.servers.Master$MasterService writeMsg
INFO: test88=f
Apr 24, 2020 9:25:08 PM kvstore.servers.Master$MasterService writeMsg
INFO: test18=V
Apr 24, 2020 9:25:08 PM kvstore.servers.Master$MasterService writeMsg
INFO: test13=Y
Apr 24, 2020 9:25:08 PM kvstore.servers.Master$MasterService writeMsg
INFO: test16=A
Apr 24, 2020 9:25:08 PM kvstore.servers.Master$MasterService writeMsg
INFO: test39=W
Apr 24, 2020 9:25:08 PM kvstore.servers.Master$MasterService writeMsg
INFO: test83=C
Apr 24, 2020 9:25:08 PM kvstore.servers.Master$MasterService writeMsg
INFO: test60=x
Apr 24, 2020 9:25:08 PM kvstore.servers.Master$MasterService writeMsg
INFO: test52=c
Apr 24, 2020 9:25:08 PM kvstore.servers.Master$MasterService writeMsg
INFO: test12=O
Apr 24, 2020 9:25:08 PM kvstore.servers.Master$MasterService writeMsg
INFO: test63=D
Apr 24, 2020 9:25:08 PM kvstore.servers.Master$MasterService writeMsg
INFO: test38=U
Apr 24, 2020 9:25:08 PM kvstore.servers.Master$MasterService writeMsg
INFO: test41=h
Apr 24, 2020 9:25:08 PM kvstore.servers.Master$MasterService writeMsg
INFO: test27=t
Apr 24, 2020 9:25:08 PM kvstore.servers.Master$MasterService writeMsg
INFO: test68=k
Apr 24, 2020 9:25:08 PM kvstore.servers.Master$MasterService writeMsg
INFO: test59=i
Apr 24, 2020 9:25:08 PM kvstore.servers.Master$MasterService writeMsg
INFO: test91=C
Apr 24, 2020 9:25:08 PM kvstore.servers.Master$MasterService writeMsg
INFO: test65=x
Apr 24, 2020 9:25:08 PM kvstore.servers.Master$MasterService writeMsg
INFO: test56=z
Apr 24, 2020 9:25:08 PM kvstore.servers.Master$MasterService writeMsg
INFO: test6=z
Apr 24, 2020 9:25:08 PM kvstore.servers.Master$MasterService writeMsg
INFO: test1=l
Apr 24, 2020 9:25:08 PM kvstore.servers.Master$MasterService writeMsg
INFO: test26=t
Apr 24, 2020 9:25:08 PM kvstore.servers.Master$MasterService writeMsg
INFO: test19=D
Apr 24, 2020 9:25:08 PM kvstore.servers.Master$MasterService writeMsg
INFO: test74=m
Apr 24, 2020 9:25:08 PM kvstore.servers.Master$MasterService writeMsg
INFO: test11=s
Apr 24, 2020 9:25:09 PM kvstore.servers.Master$MasterService writeMsg
INFO: test9=i
Apr 24, 2020 9:25:09 PM kvstore.servers.Master$MasterService writeMsg
INFO: test14=m
Apr 24, 2020 9:25:09 PM kvstore.servers.Master$MasterService writeMsg
INFO: test45=X
Apr 24, 2020 9:25:09 PM kvstore.servers.Master$MasterService writeMsg
INFO: test69=c
Apr 24, 2020 9:25:09 PM kvstore.servers.Master$MasterService writeMsg
INFO: test82=R
Apr 24, 2020 9:25:09 PM kvstore.servers.Master$MasterService writeMsg
INFO: test57=L
Apr 24, 2020 9:25:09 PM kvstore.servers.Master$MasterService writeMsg
INFO: test40=e
Apr 24, 2020 9:25:09 PM kvstore.servers.Master$MasterService writeMsg
INFO: test20=j
Apr 24, 2020 9:25:09 PM kvstore.servers.Master$MasterService writeMsg
INFO: test47=p
Apr 24, 2020 9:25:09 PM kvstore.servers.Master$MasterService writeMsg
INFO: test97=T
Apr 24, 2020 9:25:09 PM kvstore.servers.Master$MasterService writeMsg
INFO: test46=b
Apr 24, 2020 9:25:09 PM kvstore.servers.Master$MasterService writeMsg
INFO: test24=G
Apr 24, 2020 9:25:09 PM kvstore.servers.Master$MasterService writeMsg
INFO: test78=e
Apr 24, 2020 9:25:09 PM kvstore.servers.Master$MasterService writeMsg
INFO: test31=M
Apr 24, 2020 9:25:09 PM kvstore.servers.Master$MasterService writeMsg
INFO: test44=D
Apr 24, 2020 9:25:09 PM kvstore.servers.Master$MasterService writeMsg
INFO: test25=H
Apr 24, 2020 9:25:09 PM kvstore.servers.Master$MasterService writeMsg
INFO: test50=c
Apr 24, 2020 9:25:09 PM kvstore.servers.Master$MasterService writeMsg
INFO: test22=g
Apr 24, 2020 9:25:09 PM kvstore.servers.Master$MasterService writeMsg
INFO: test99=S
Apr 24, 2020 9:25:09 PM kvstore.servers.Master$MasterService writeMsg
INFO: test37=y
Apr 24, 2020 9:25:09 PM kvstore.servers.Master$MasterService writeMsg
INFO: test75=n
Apr 24, 2020 9:25:09 PM kvstore.servers.Master$MasterService writeMsg
INFO: test98=t
Apr 24, 2020 9:25:09 PM kvstore.servers.Master$MasterService writeMsg
INFO: test86=s
Apr 24, 2020 9:25:09 PM kvstore.servers.Master$MasterService writeMsg
INFO: test5=h
Apr 24, 2020 9:25:09 PM kvstore.servers.Master$MasterService writeMsg
INFO: test30=t
Apr 24, 2020 9:25:09 PM kvstore.servers.Master$MasterService writeMsg
INFO: test92=T
Apr 24, 2020 9:25:09 PM kvstore.servers.Master$MasterService writeMsg
INFO: test96=D
Apr 24, 2020 9:25:09 PM kvstore.servers.Master$MasterService writeMsg
INFO: test23=S
Apr 24, 2020 9:25:09 PM kvstore.servers.Master$MasterService writeMsg
INFO: test28=w
Apr 24, 2020 9:25:09 PM kvstore.servers.Master$MasterService writeMsg
INFO: test48=H
Apr 24, 2020 9:25:09 PM kvstore.servers.Master$MasterService writeMsg
INFO: test95=m
Apr 24, 2020 9:25:09 PM kvstore.servers.Master$MasterService writeMsg
INFO: test35=S
Apr 24, 2020 9:25:09 PM kvstore.servers.Master$MasterService writeMsg
INFO: test4=z
Apr 24, 2020 9:25:09 PM kvstore.servers.Master$MasterService writeMsg
INFO: test87=o
Apr 24, 2020 9:25:09 PM kvstore.servers.Master$MasterService writeMsg
INFO: test54=j
Apr 24, 2020 9:25:09 PM kvstore.servers.Master$MasterService writeMsg
INFO: test10=s
Apr 24, 2020 9:25:09 PM kvstore.servers.Master$MasterService writeMsg
INFO: test8=g
Apr 24, 2020 9:25:09 PM kvstore.servers.Master$MasterService writeMsg
INFO: test55=H
Apr 24, 2020 9:25:09 PM kvstore.servers.Master$MasterService writeMsg
INFO: test34=d
Apr 24, 2020 9:25:09 PM kvstore.servers.Master$MasterService writeMsg
INFO: test77=f
Apr 24, 2020 9:25:09 PM kvstore.servers.Master$MasterService writeMsg
INFO: test80=F
Apr 24, 2020 9:25:09 PM kvstore.servers.Master$MasterService writeMsg
INFO: test72=A
Apr 24, 2020 9:25:09 PM kvstore.servers.Master$MasterService writeMsg
INFO: test53=C
Apr 24, 2020 9:25:09 PM kvstore.servers.Master$MasterService writeMsg
INFO: test49=V
Apr 24, 2020 9:25:09 PM kvstore.servers.Master$MasterService writeMsg
INFO: test90=l
Apr 24, 2020 9:25:09 PM kvstore.servers.Master$MasterService writeMsg
INFO: test17=h
Apr 24, 2020 9:25:09 PM kvstore.servers.Master$MasterService writeMsg
INFO: test2=c
Apr 24, 2020 9:25:09 PM kvstore.servers.Master$MasterService writeMsg
INFO: test36=K
Apr 24, 2020 9:25:09 PM kvstore.servers.Master$MasterService writeMsg
INFO: test73=q
Apr 24, 2020 9:25:09 PM kvstore.servers.Master$MasterService writeMsg
INFO: test62=A
Apr 24, 2020 9:25:09 PM kvstore.servers.Master$MasterService writeMsg
INFO: test84=z
Apr 24, 2020 9:25:09 PM kvstore.servers.Master$MasterService writeMsg
INFO: test32=V
Apr 24, 2020 9:25:09 PM kvstore.servers.Master$MasterService writeMsg
INFO: test79=M
Apr 24, 2020 9:25:09 PM kvstore.servers.Master$MasterService writeMsg
INFO: test93=i
Apr 24, 2020 9:25:09 PM kvstore.servers.Master$MasterService writeMsg
INFO: test76=D
Apr 24, 2020 9:25:09 PM kvstore.servers.Master$MasterService writeMsg
INFO: test43=C
Apr 24, 2020 9:25:09 PM kvstore.servers.Master$MasterService writeMsg
INFO: test85=w
Apr 24, 2020 9:25:09 PM kvstore.servers.Master$MasterService writeMsg
INFO: test21=t
Apr 24, 2020 9:25:09 PM kvstore.servers.Master$MasterService writeMsg
INFO: test0=j
Apr 24, 2020 9:25:09 PM kvstore.servers.Master$MasterService writeMsg
INFO: test51=m
Apr 24, 2020 9:25:09 PM kvstore.servers.Master$MasterService writeMsg
INFO: test3=z
Apr 24, 2020 9:25:09 PM kvstore.servers.Master$MasterService writeMsg
INFO: test70=i
Apr 24, 2020 9:25:09 PM kvstore.servers.Master$MasterService writeMsg
INFO: test94=a
Apr 24, 2020 9:25:09 PM kvstore.servers.Master$MasterService writeMsg
INFO: test81=K
Apr 24, 2020 9:25:09 PM kvstore.servers.Master$MasterService writeMsg
INFO: test89=D
Apr 24, 2020 9:25:09 PM kvstore.servers.Master$MasterService writeMsg
INFO: test42=P
Apr 24, 2020 9:25:09 PM kvstore.servers.Master$MasterService writeMsg
INFO: test29=l
Apr 24, 2020 9:25:09 PM kvstore.servers.Master$MasterService writeMsg
INFO: test15=m
Apr 24, 2020 9:25:09 PM kvstore.servers.Master$MasterService writeMsg
INFO: test33=C
Apr 24, 2020 9:25:09 PM kvstore.servers.Master$MasterService writeMsg
INFO: test58=b
Apr 24, 2020 9:25:09 PM kvstore.servers.Master$MasterService writeMsg
INFO: test67=z
Apr 24, 2020 9:25:09 PM kvstore.servers.Master$MasterService writeMsg
INFO: test66=b
Apr 24, 2020 9:25:09 PM kvstore.servers.Master$MasterService writeMsg
INFO: test71=t
Apr 24, 2020 9:25:09 PM kvstore.servers.Master$MasterService writeMsg
INFO: test61=e
